  Main.cpp
c:\users\арина\desktop\projects\второй семестр\основы информационной безопасности\cryptoanalysis\cryptoanalysis\main.cpp(43): warning C4091: typedef : пропускается слева от "word", когда ни одна переменная не объявлена
c:\users\арина\desktop\projects\второй семестр\основы информационной безопасности\cryptoanalysis\cryptoanalysis\main.cpp(81): warning C4996: 'scanf': This function or variable may be unsafe. Consider using scanf_s instead. To disable deprecation, use _CRT_SECURE_NO_WARNINGS. See online help for details.
  c:\program files (x86)\windows kits\10\include\10.0.15063.0\ucrt\stdio.h(1272): note:  см. объявление "scanf"
c:\users\арина\desktop\projects\второй семестр\основы информационной безопасности\cryptoanalysis\cryptoanalysis\main.cpp(119): warning C4996: 'fopen': This function or variable may be unsafe. Consider using fopen_s instead. To disable deprecation, use _CRT_SECURE_NO_WARNINGS. See online help for details.
  c:\program files (x86)\windows kits\10\include\10.0.15063.0\ucrt\stdio.h(207): note:  см. объявление "fopen"
c:\users\арина\desktop\projects\второй семестр\основы информационной безопасности\cryptoanalysis\cryptoanalysis\main.cpp(121): warning C4996: 'fileno': The POSIX name for this item is deprecated. Instead, use the ISO C and C++ conformant name: _fileno. See online help for details.
  c:\program files (x86)\windows kits\10\include\10.0.15063.0\ucrt\stdio.h(2456): note:  см. объявление "fileno"
c:\users\арина\desktop\projects\второй семестр\основы информационной безопасности\cryptoanalysis\cryptoanalysis\main.cpp(127): warning C4996: 'filelength': The POSIX name for this item is deprecated. Instead, use the ISO C and C++ conformant name: _filelength. See online help for details.
  c:\program files (x86)\windows kits\10\include\10.0.15063.0\ucrt\corecrt_io.h(486): note:  см. объявление "filelength"
c:\users\арина\desktop\projects\второй семестр\основы информационной безопасности\cryptoanalysis\cryptoanalysis\main.cpp(136): warning C4996: 'fopen': This function or variable may be unsafe. Consider using fopen_s instead. To disable deprecation, use _CRT_SECURE_NO_WARNINGS. See online help for details.
  c:\program files (x86)\windows kits\10\include\10.0.15063.0\ucrt\stdio.h(207): note:  см. объявление "fopen"
c:\users\арина\desktop\projects\второй семестр\основы информационной безопасности\cryptoanalysis\cryptoanalysis\main.cpp(138): warning C4996: 'fileno': The POSIX name for this item is deprecated. Instead, use the ISO C and C++ conformant name: _fileno. See online help for details.
  c:\program files (x86)\windows kits\10\include\10.0.15063.0\ucrt\stdio.h(2456): note:  см. объявление "fileno"
c:\users\арина\desktop\projects\второй семестр\основы информационной безопасности\cryptoanalysis\cryptoanalysis\main.cpp(144): warning C4996: 'filelength': The POSIX name for this item is deprecated. Instead, use the ISO C and C++ conformant name: _filelength. See online help for details.
  c:\program files (x86)\windows kits\10\include\10.0.15063.0\ucrt\corecrt_io.h(486): note:  см. объявление "filelength"
c:\users\арина\desktop\projects\второй семестр\основы информационной безопасности\cryptoanalysis\cryptoanalysis\main.cpp(185): warning C4996: 'scanf': This function or variable may be unsafe. Consider using scanf_s instead. To disable deprecation, use _CRT_SECURE_NO_WARNINGS. See online help for details.
  c:\program files (x86)\windows kits\10\include\10.0.15063.0\ucrt\stdio.h(1272): note:  см. объявление "scanf"
c:\users\арина\desktop\projects\второй семестр\основы информационной безопасности\cryptoanalysis\cryptoanalysis\main.cpp(204): warning C4018: >: несоответствие типов со знаком и без знака
c:\users\арина\desktop\projects\второй семестр\основы информационной безопасности\cryptoanalysis\cryptoanalysis\main.cpp(193): warning C4996: 'strdup': The POSIX name for this item is deprecated. Instead, use the ISO C and C++ conformant name: _strdup. See online help for details.
  c:\program files (x86)\windows kits\10\include\10.0.15063.0\ucrt\string.h(538): note:  см. объявление "strdup"
c:\users\арина\desktop\projects\второй семестр\основы информационной безопасности\cryptoanalysis\cryptoanalysis\main.cpp(198): warning C4996: 'strtok': This function or variable may be unsafe. Consider using strtok_s instead. To disable deprecation, use _CRT_SECURE_NO_WARNINGS. See online help for details.
  c:\program files (x86)\windows kits\10\include\10.0.15063.0\ucrt\string.h(439): note:  см. объявление "strtok"
c:\users\арина\desktop\projects\второй семестр\основы информационной безопасности\cryptoanalysis\cryptoanalysis\main.cpp(209): warning C4996: 'strtok': This function or variable may be unsafe. Consider using strtok_s instead. To disable deprecation, use _CRT_SECURE_NO_WARNINGS. See online help for details.
  c:\program files (x86)\windows kits\10\include\10.0.15063.0\ucrt\string.h(439): note:  см. объявление "strtok"
c:\users\арина\desktop\projects\второй семестр\основы информационной безопасности\cryptoanalysis\cryptoanalysis\main.cpp(281): warning C4996: 'strdup': The POSIX name for this item is deprecated. Instead, use the ISO C and C++ conformant name: _strdup. See online help for details.
  c:\program files (x86)\windows kits\10\include\10.0.15063.0\ucrt\string.h(538): note:  см. объявление "strdup"
c:\users\арина\desktop\projects\второй семестр\основы информационной безопасности\cryptoanalysis\cryptoanalysis\main.cpp(312): warning C4996: 'fopen': This function or variable may be unsafe. Consider using fopen_s instead. To disable deprecation, use _CRT_SECURE_NO_WARNINGS. See online help for details.
  c:\program files (x86)\windows kits\10\include\10.0.15063.0\ucrt\stdio.h(207): note:  см. объявление "fopen"
c:\users\арина\desktop\projects\второй семестр\основы информационной безопасности\cryptoanalysis\cryptoanalysis\main.cpp(335): warning C4018: <: несоответствие типов со знаком и без знака
c:\users\арина\desktop\projects\второй семестр\основы информационной безопасности\cryptoanalysis\cryptoanalysis\main.cpp(360): warning C4018: >: несоответствие типов со знаком и без знака
c:\users\арина\desktop\projects\второй семестр\основы информационной безопасности\cryptoanalysis\cryptoanalysis\main.cpp(353): warning C4996: 'strdup': The POSIX name for this item is deprecated. Instead, use the ISO C and C++ conformant name: _strdup. See online help for details.
  c:\program files (x86)\windows kits\10\include\10.0.15063.0\ucrt\string.h(538): note:  см. объявление "strdup"
c:\users\арина\desktop\projects\второй семестр\основы информационной безопасности\cryptoanalysis\cryptoanalysis\main.cpp(355): warning C4996: 'strtok': This function or variable may be unsafe. Consider using strtok_s instead. To disable deprecation, use _CRT_SECURE_NO_WARNINGS. See online help for details.
  c:\program files (x86)\windows kits\10\include\10.0.15063.0\ucrt\string.h(439): note:  см. объявление "strtok"
c:\users\арина\desktop\projects\второй семестр\основы информационной безопасности\cryptoanalysis\cryptoanalysis\main.cpp(365): warning C4996: 'strtok': This function or variable may be unsafe. Consider using strtok_s instead. To disable deprecation, use _CRT_SECURE_NO_WARNINGS. See online help for details.
  c:\program files (x86)\windows kits\10\include\10.0.15063.0\ucrt\string.h(439): note:  см. объявление "strtok"
c:\users\арина\desktop\projects\второй семестр\основы информационной безопасности\cryptoanalysis\cryptoanalysis\main.cpp(384): warning C4996: 'strdup': The POSIX name for this item is deprecated. Instead, use the ISO C and C++ conformant name: _strdup. See online help for details.
  c:\program files (x86)\windows kits\10\include\10.0.15063.0\ucrt\string.h(538): note:  см. объявление "strdup"
c:\users\арина\desktop\projects\второй семестр\основы информационной безопасности\cryptoanalysis\cryptoanalysis\main.cpp(416): warning C4244: =: преобразование "float" в "int", возможна потеря данных
c:\users\арина\desktop\projects\второй семестр\основы информационной безопасности\cryptoanalysis\cryptoanalysis\main.cpp(418): warning C4244: =: преобразование "int" в "float", возможна потеря данных
c:\users\арина\desktop\projects\второй семестр\основы информационной безопасности\cryptoanalysis\cryptoanalysis\main.cpp(463): warning C4996: 'scanf': This function or variable may be unsafe. Consider using scanf_s instead. To disable deprecation, use _CRT_SECURE_NO_WARNINGS. See online help for details.
  c:\program files (x86)\windows kits\10\include\10.0.15063.0\ucrt\stdio.h(1272): note:  см. объявление "scanf"
c:\users\арина\desktop\projects\второй семестр\основы информационной безопасности\cryptoanalysis\cryptoanalysis\main.cpp(477): warning C4996: 'scanf': This function or variable may be unsafe. Consider using scanf_s instead. To disable deprecation, use _CRT_SECURE_NO_WARNINGS. See online help for details.
  c:\program files (x86)\windows kits\10\include\10.0.15063.0\ucrt\stdio.h(1272): note:  см. объявление "scanf"
c:\users\арина\desktop\projects\второй семестр\основы информационной безопасности\cryptoanalysis\cryptoanalysis\main.cpp(478): warning C4996: 'scanf': This function or variable may be unsafe. Consider using scanf_s instead. To disable deprecation, use _CRT_SECURE_NO_WARNINGS. See online help for details.
  c:\program files (x86)\windows kits\10\include\10.0.15063.0\ucrt\stdio.h(1272): note:  см. объявление "scanf"
c:\users\арина\desktop\projects\второй семестр\основы информационной безопасности\cryptoanalysis\cryptoanalysis\main.cpp(105): warning C4717: manager: рекурсия на всех путях выполнения, функция вызовет переполнение стека
  Cryptoanalysis.vcxproj -> C:\Users\Арина\Desktop\Projects\Второй семестр\Основы информационной безопасности\Cryptoanalysis\Debug\Cryptoanalysis.exe
  Cryptoanalysis.vcxproj -> C:\Users\Арина\Desktop\Projects\Второй семестр\Основы информационной безопасности\Cryptoanalysis\Debug\Cryptoanalysis.pdb (Partial PDB)
